2024-01-02 16:10:24,515 [INFO] Activator:176 - 


2024-01-02 16:10:24,517 [INFO] Activator:177 - !SESSION log4j initialized
2024-01-02 16:10:26,361 [INFO] LogOutputStream:77 - [STDOUT_REDIRECT] 
2024-01-02 16:10:29,682 [INFO] ApplicationProperties:184 - Using Application install path: /home/martin/st/stm32cubeide_1.14.0/plugins/com.st.stm32cube.common.mx_6.10.0.202311202037
2024-01-02 16:10:29,707 [INFO] DbMcusXml:78 - Set database path to: /home/martin/st/stm32cubeide_1.14.0/plugins/com.st.stm32cube.common.mx_6.10.0.202311202037//db//mcu/
2024-01-02 16:10:29,708 [INFO] ApiDb:274 - Set plugin database path to: /home/martin/st/stm32cubeide_1.14.0/plugins/com.st.stm32cube.common.mx_6.10.0.202311202037//db//plugins/boardmanager/
2024-01-02 16:10:29,708 [WARN] ApiDb:259 - Overriding images path with different value:  => /home/martin/st/stm32cubeide_1.14.0/plugins/com.st.stm32cube.common.mx_6.10.0.202311202037//db//plugins/mcufinder/images/
2024-01-02 16:10:29,723 [INFO] ApiDb:250 - Set database path to: /home/martin/.stmcufinder/plugins/mcufinder//mcu/
2024-01-02 16:10:29,725 [INFO] DbMcusAds:125 - Set database path to: /home/martin/.stmcufinder/plugins/mcufinder//mcu/
2024-01-02 16:10:29,729 [INFO] CrossReferenceDbSqlite:203 - Set database path to: /home/martin/.stmcufinder/plugins/mcufinder//mcu/cs/
2024-01-02 16:10:29,907 [INFO] RulesReader:64 - Compatibility file has been processed (297 Rules)
2024-01-02 16:10:29,985 [INFO] DbMcusXml:78 - Set database path to: /home/martin/st/stm32cubeide_1.14.0/plugins/com.st.stm32cube.common.mx_6.10.0.202311202037//db//mcu/
2024-01-02 16:10:29,985 [INFO] ApiDb:274 - Set plugin database path to: /home/martin/st/stm32cubeide_1.14.0/plugins/com.st.stm32cube.common.mx_6.10.0.202311202037//db//plugins/boardmanager/
2024-01-02 16:10:29,985 [INFO] ApiDb:261 - Set plugin images path to: /home/martin/st/stm32cubeide_1.14.0/plugins/com.st.stm32cube.common.mx_6.10.0.202311202037//db//plugins/mcufinder/images/
2024-01-02 16:10:29,986 [WARN] DbFile:41 - Overriding database path with different value: /home/martin/.stmcufinder/plugins/mcufinder/ => /home/martin/.stmcufinder/plugins/mcufinder
2024-01-02 16:10:29,986 [INFO] ApiDb:250 - Set database path to: /home/martin/.stmcufinder/plugins/mcufinder//mcu/
2024-01-02 16:10:29,986 [WARN] DbFile:41 - Overriding database path with different value: /home/martin/.stmcufinder/plugins/mcufinder/ => /home/martin/.stmcufinder/plugins/mcufinder
2024-01-02 16:10:29,986 [INFO] DbMcusAds:125 - Set database path to: /home/martin/.stmcufinder/plugins/mcufinder//mcu/
2024-01-02 16:10:29,986 [WARN] DbFile:41 - Overriding database path with different value: /home/martin/.stmcufinder/plugins/mcufinder/ => /home/martin/.stmcufinder/plugins/mcufinder
2024-01-02 16:10:29,986 [WARN] DbFile:41 - Overriding database path with different value: /home/martin/.stmcufinder/plugins/mcufinder/ => /home/martin/.stmcufinder/plugins/mcufinder
2024-01-02 16:10:29,987 [INFO] CrossReferenceDbSqlite:203 - Set database path to: /home/martin/.stmcufinder/plugins/mcufinder//mcu/cs/
2024-01-02 16:10:30,078 [INFO] MainPanel:264 - HeapMemory: 268435456
2024-01-02 16:10:30,184 [INFO] DbMcusXml:78 - Set database path to: /home/martin/st/stm32cubeide_1.14.0/plugins/com.st.stm32cube.common.mx_6.10.0.202311202037//db//mcu/
2024-01-02 16:10:30,184 [INFO] ApiDb:274 - Set plugin database path to: /home/martin/st/stm32cubeide_1.14.0/plugins/com.st.stm32cube.common.mx_6.10.0.202311202037//db//plugins/boardmanager/
2024-01-02 16:10:30,184 [INFO] ApiDb:261 - Set plugin images path to: /home/martin/st/stm32cubeide_1.14.0/plugins/com.st.stm32cube.common.mx_6.10.0.202311202037//db//plugins/mcufinder/images/
2024-01-02 16:10:30,184 [WARN] DbFile:41 - Overriding database path with different value: /home/martin/.stmcufinder/plugins/mcufinder/ => /home/martin/.stmcufinder/plugins/mcufinder
2024-01-02 16:10:30,184 [INFO] ApiDb:250 - Set database path to: /home/martin/.stmcufinder/plugins/mcufinder//mcu/
2024-01-02 16:10:30,185 [WARN] DbFile:41 - Overriding database path with different value: /home/martin/.stmcufinder/plugins/mcufinder/ => /home/martin/.stmcufinder/plugins/mcufinder
2024-01-02 16:10:30,185 [INFO] DbMcusAds:125 - Set database path to: /home/martin/.stmcufinder/plugins/mcufinder//mcu/
2024-01-02 16:10:30,185 [WARN] DbFile:41 - Overriding database path with different value: /home/martin/.stmcufinder/plugins/mcufinder/ => /home/martin/.stmcufinder/plugins/mcufinder
2024-01-02 16:10:30,185 [WARN] DbFile:41 - Overriding database path with different value: /home/martin/.stmcufinder/plugins/mcufinder/ => /home/martin/.stmcufinder/plugins/mcufinder
2024-01-02 16:10:30,185 [INFO] CrossReferenceDbSqlite:203 - Set database path to: /home/martin/.stmcufinder/plugins/mcufinder//mcu/cs/
2024-01-02 16:10:30,202 [INFO] ApplicationProperties:184 - Using Application install path: /home/martin/st/stm32cubeide_1.14.0/plugins/com.st.stm32cube.common.mx_6.10.0.202311202037
2024-01-02 16:10:30,203 [INFO] PluginManage:196 - Search for loadable plugins [exclusion list=, ]
2024-01-02 16:10:30,205 [INFO] PluginManage:310 - Check plugin analytics
2024-01-02 16:10:30,430 [INFO] AnalyticsPlugin:253 - Accepted Software Licenses: 
2024-01-02 16:10:30,431 [INFO] AnalyticsPlugin:255 - Accepted CMSIS Pack Licenses: 
2024-01-02 16:10:30,431 [INFO] AnalyticsPlugin:257 - Accepted Firmware Licenses: 
2024-01-02 16:10:30,435 [INFO] PluginManage:359 - Loaded plugin analytics (category:tool,tabindex:-1)
2024-01-02 16:10:30,435 [INFO] PluginManage:310 - Check plugin cadmodel
2024-01-02 16:10:30,466 [INFO] CADModel:105 - Init CAD model plugin
2024-01-02 16:10:30,467 [INFO] PluginManage:359 - Loaded plugin cadmodel (category:power,tabindex:5)
2024-01-02 16:10:30,468 [INFO] PluginManage:310 - Check plugin clock
2024-01-02 16:10:30,486 [INFO] PluginManage:359 - Loaded plugin clock (category:base,tabindex:2)
2024-01-02 16:10:30,487 [INFO] PluginManage:310 - Check plugin ddr
2024-01-02 16:10:30,490 [INFO] PluginManage:359 - Loaded plugin ddr (category:tool,tabindex:6)
2024-01-02 16:10:30,490 [INFO] PluginManage:310 - Check plugin filemanager
2024-01-02 16:10:30,681 [INFO] PluginManage:359 - Loaded plugin filemanager (category:base,tabindex:10)
2024-01-02 16:10:30,682 [INFO] PluginManage:310 - Check plugin ipmanager
2024-01-02 16:10:30,689 [INFO] PluginManage:359 - Loaded plugin ipmanager (category:base,tabindex:5)
2024-01-02 16:10:30,690 [INFO] PluginManage:310 - Check plugin lpbam
2024-01-02 16:10:30,702 [INFO] PluginManage:359 - Loaded plugin lpbam (category:base,tabindex:0)
2024-01-02 16:10:30,702 [INFO] PluginManage:310 - Check plugin memorymap
2024-01-02 16:10:30,719 [INFO] PluginManage:359 - Loaded plugin memorymap (category:base,tabindex:4)
2024-01-02 16:10:30,719 [INFO] PluginManage:310 - Check plugin pinoutandconfiguration
2024-01-02 16:10:30,731 [INFO] PluginManage:359 - Loaded plugin pinoutandconfiguration (category:base,tabindex:1)
2024-01-02 16:10:30,731 [INFO] PluginManage:310 - Check plugin pinoutconfig
2024-01-02 16:10:30,847 [WARN] SupportedApi:132 - Cannot load RTOS API schema: s4s-elt-must-match.1: The content of 'definitions' must match (annotation?, (simpleType | complexType)?, (unique | key | keyref)*)). A problem was found starting at: attribute.
2024-01-02 16:10:31,100 [INFO] PluginManage:359 - Loaded plugin pinoutconfig (category:base,tabindex:0)
2024-01-02 16:10:31,101 [INFO] PluginManage:310 - Check plugin power
2024-01-02 16:10:31,114 [INFO] PluginManage:359 - Loaded plugin power (category:power,tabindex:4)
2024-01-02 16:10:31,115 [INFO] PluginManage:310 - Check plugin projectmanager
2024-01-02 16:10:31,140 [INFO] PluginManage:359 - Loaded plugin projectmanager (category:projectmanager,tabindex:3)
2024-01-02 16:10:31,140 [INFO] PluginManage:310 - Check plugin thirdparty
2024-01-02 16:10:31,310 [INFO] PluginManage:359 - Loaded plugin thirdparty (category:base,tabindex:-1)
2024-01-02 16:10:31,310 [WARN] IntegrityCheckThread:84 - waiting for thirdparty lock release [integrity check]
2024-01-02 16:10:31,310 [INFO] IntegrityCheckThread:86 - entering critical section [integrity check]
2024-01-02 16:10:31,311 [INFO] ThirdPartyUpdaterWithRetryManager:70 - Updater plugin not ready yet. [1/15]
2024-01-02 16:10:31,312 [INFO] PluginManage:310 - Check plugin tools
2024-01-02 16:10:31,316 [INFO] PluginManage:359 - Loaded plugin tools (category:base,tabindex:7)
2024-01-02 16:10:31,316 [INFO] PluginManage:310 - Check plugin tutovideos
2024-01-02 16:10:31,519 [INFO] PluginManage:359 - Loaded plugin tutovideos (category:base,tabindex:-1)
2024-01-02 16:10:31,519 [INFO] PluginManage:310 - Check plugin updater
2024-01-02 16:10:31,533 [INFO] PluginManage:359 - Loaded plugin updater (category:base,tabindex:12)
2024-01-02 16:10:31,533 [INFO] PluginManage:310 - Check plugin userauth
2024-01-02 16:10:31,539 [INFO] UserAuth:114 - Init User Auth plugin
2024-01-02 16:10:31,539 [INFO] PluginManage:359 - Loaded plugin userauth (category:base,tabindex:14)
2024-01-02 16:10:31,540 [INFO] PluginManage:283 - PluginManage : Loaded plugins [17]
2024-01-02 16:10:31,772 [INFO] PinOutPanel:1499 - setPackage(No Configuration,No Configuration)
2024-01-02 16:10:31,851 [INFO] CADModel:165 - CPN selected for project level
2024-01-02 16:10:31,852 [INFO] CADModel:114 - Register for checkConnection events
2024-01-02 16:10:31,868 [INFO] IPUIPlugin:80 - create IPUIPlugin
2024-01-02 16:10:31,869 [INFO] PluginManager:220 - loadIPPluginJar : add i2c
2024-01-02 16:10:31,871 [INFO] IPUIPlugin:80 - create IPUIPlugin
2024-01-02 16:10:31,871 [INFO] PluginManager:220 - loadIPPluginJar : add hash
2024-01-02 16:10:31,875 [INFO] IPUIPlugin:80 - create IPUIPlugin
2024-01-02 16:10:31,876 [INFO] PluginManager:220 - loadIPPluginJar : add openamp
2024-01-02 16:10:31,879 [INFO] IPUIPlugin:80 - create IPUIPlugin
2024-01-02 16:10:31,879 [INFO] PluginManager:220 - loadIPPluginJar : add dma3
2024-01-02 16:10:31,884 [INFO] IPUIPlugin:80 - create IPUIPlugin
2024-01-02 16:10:31,884 [INFO] PluginManager:220 - loadIPPluginJar : add sai
2024-01-02 16:10:31,892 [INFO] IPUIPlugin:80 - create IPUIPlugin
2024-01-02 16:10:31,892 [INFO] PluginManager:220 - loadIPPluginJar : add fmc
2024-01-02 16:10:31,895 [INFO] IPUIPlugin:80 - create IPUIPlugin
2024-01-02 16:10:31,895 [INFO] PluginManager:220 - loadIPPluginJar : add usart
2024-01-02 16:10:31,903 [INFO] IPUIPlugin:80 - create IPUIPlugin
2024-01-02 16:10:31,903 [INFO] PluginManager:220 - loadIPPluginJar : add dma
2024-01-02 16:10:31,906 [INFO] IPUIPlugin:80 - create IPUIPlugin
2024-01-02 16:10:31,906 [INFO] PluginManager:220 - loadIPPluginJar : add tim
2024-01-02 16:10:31,909 [INFO] IPUIPlugin:80 - create IPUIPlugin
2024-01-02 16:10:31,909 [INFO] PluginManager:220 - loadIPPluginJar : add ucpd
2024-01-02 16:10:31,911 [INFO] IPUIPlugin:80 - create IPUIPlugin
2024-01-02 16:10:31,911 [INFO] PluginManager:220 - loadIPPluginJar : add quadspi
2024-01-02 16:10:31,918 [INFO] IPUIPlugin:80 - create IPUIPlugin
2024-01-02 16:10:31,919 [INFO] PluginManager:220 - loadIPPluginJar : add gpio
2024-01-02 16:10:31,920 [INFO] IPUIPlugin:80 - create IPUIPlugin
2024-01-02 16:10:31,921 [INFO] PluginManager:220 - loadIPPluginJar : add ltdc
2024-01-02 16:10:31,930 [INFO] IPUIPlugin:80 - create IPUIPlugin
2024-01-02 16:10:31,931 [INFO] PluginManager:220 - loadIPPluginJar : add mdma
2024-01-02 16:10:31,933 [INFO] IPUIPlugin:80 - create IPUIPlugin
2024-01-02 16:10:31,933 [INFO] PluginManager:220 - loadIPPluginJar : add tsc
2024-01-02 16:10:31,937 [INFO] IPUIPlugin:80 - create IPUIPlugin
2024-01-02 16:10:31,937 [INFO] PluginManager:220 - loadIPPluginJar : add lorawan
2024-01-02 16:10:31,947 [INFO] IPUIPlugin:80 - create IPUIPlugin
2024-01-02 16:10:31,948 [INFO] PluginManager:220 - loadIPPluginJar : add linkedlist
2024-01-02 16:10:31,951 [INFO] IPUIPlugin:80 - create IPUIPlugin
2024-01-02 16:10:31,951 [INFO] PluginManager:220 - loadIPPluginJar : add tracer_emb
2024-01-02 16:10:31,959 [INFO] IPUIPlugin:80 - create IPUIPlugin
2024-01-02 16:10:31,963 [INFO] PluginManager:220 - loadIPPluginJar : add plateformsettings
2024-01-02 16:10:31,966 [INFO] IPUIPlugin:80 - create IPUIPlugin
2024-01-02 16:10:31,966 [INFO] PluginManager:220 - loadIPPluginJar : add i2s
2024-01-02 16:10:31,970 [INFO] IPUIPlugin:80 - create IPUIPlugin
2024-01-02 16:10:31,970 [INFO] PluginManager:220 - loadIPPluginJar : add touchsensing
2024-01-02 16:10:31,977 [INFO] IPUIPlugin:80 - create IPUIPlugin
2024-01-02 16:10:31,978 [INFO] PluginManager:220 - loadIPPluginJar : add nvic
2024-01-02 16:10:31,980 [INFO] IPUIPlugin:80 - create IPUIPlugin
2024-01-02 16:10:31,980 [INFO] PluginManager:220 - loadIPPluginJar : add genericplugin
2024-01-02 16:10:31,983 [INFO] IPUIPlugin:80 - create IPUIPlugin
2024-01-02 16:10:31,984 [INFO] PluginManager:220 - loadIPPluginJar : add dfsdm
2024-01-02 16:10:31,986 [INFO] IPUIPlugin:80 - create IPUIPlugin
2024-01-02 16:10:31,986 [INFO] PluginManager:220 - loadIPPluginJar : add comp
2024-01-02 16:10:31,989 [INFO] IPUIPlugin:80 - create IPUIPlugin
2024-01-02 16:10:31,990 [INFO] PluginManager:220 - loadIPPluginJar : add usbx
2024-01-02 16:10:31,992 [INFO] IPUIPlugin:80 - create IPUIPlugin
2024-01-02 16:10:31,992 [INFO] PluginManager:220 - loadIPPluginJar : add ts
2024-01-02 16:10:31,997 [INFO] IPUIPlugin:80 - create IPUIPlugin
2024-01-02 16:10:31,997 [INFO] PluginManager:220 - loadIPPluginJar : add can
2024-01-02 16:10:32,001 [INFO] IPUIPlugin:80 - create IPUIPlugin
2024-01-02 16:10:32,001 [INFO] PluginManager:220 - loadIPPluginJar : add aes
2024-01-02 16:10:32,007 [INFO] IPUIPlugin:80 - create IPUIPlugin
2024-01-02 16:10:32,007 [INFO] PluginManager:220 - loadIPPluginJar : add ipddr
2024-01-02 16:10:32,010 [INFO] IPUIPlugin:80 - create IPUIPlugin
2024-01-02 16:10:32,011 [INFO] PluginManager:220 - loadIPPluginJar : add cryp
2024-01-02 16:10:32,020 [INFO] IPUIPlugin:80 - create IPUIPlugin
2024-01-02 16:10:32,021 [INFO] PluginManager:220 - loadIPPluginJar : add adc
2024-01-02 16:10:32,025 [INFO] IPUIPlugin:80 - create IPUIPlugin
2024-01-02 16:10:32,025 [INFO] PluginManager:220 - loadIPPluginJar : add i3c
2024-01-02 16:10:32,034 [INFO] IPUIPlugin:80 - create IPUIPlugin
2024-01-02 16:10:32,034 [INFO] PluginManager:220 - loadIPPluginJar : add gic
2024-01-02 16:10:32,043 [INFO] IPUIPlugin:80 - create IPUIPlugin
2024-01-02 16:10:32,043 [INFO] PluginManager:220 - loadIPPluginJar : add stm32_wpan
2024-01-02 16:10:32,047 [INFO] IPUIPlugin:80 - create IPUIPlugin
2024-01-02 16:10:32,048 [INFO] PluginManager:220 - loadIPPluginJar : add gtzc
2024-01-02 16:10:32,053 [INFO] IPUIPlugin:80 - create IPUIPlugin
2024-01-02 16:10:32,053 [INFO] PluginManager:220 - loadIPPluginJar : add opamp
2024-01-02 16:10:32,056 [INFO] IPUIPlugin:80 - create IPUIPlugin
2024-01-02 16:10:32,056 [INFO] PluginManager:220 - loadIPPluginJar : add gfxmmu
2024-01-02 16:10:32,058 [INFO] IPUIPlugin:80 - create IPUIPlugin
2024-01-02 16:10:32,058 [INFO] PluginManager:220 - loadIPPluginJar : add fatfs
2024-01-02 16:10:32,065 [INFO] IPUIPlugin:80 - create IPUIPlugin
2024-01-02 16:10:32,065 [INFO] PluginManager:220 - loadIPPluginJar : add resmgrutility
2024-01-02 16:10:32,070 [INFO] IPUIPlugin:80 - create IPUIPlugin
2024-01-02 16:10:32,070 [INFO] PluginManager:220 - loadIPPluginJar : add pdm2pcm
2024-01-02 16:10:32,078 [INFO] IPUIPlugin:80 - create IPUIPlugin
2024-01-02 16:10:32,079 [INFO] PluginManager:220 - loadIPPluginJar : add freertos
2024-01-02 16:10:32,082 [INFO] IPUIPlugin:80 - create IPUIPlugin
2024-01-02 16:10:32,082 [INFO] PluginManager:220 - loadIPPluginJar : add spi
2024-01-02 16:10:32,212 [INFO] CADModel:165 - CPN selected for project level
2024-01-02 16:10:32,212 [INFO] CADModel:114 - Register for checkConnection events
2024-01-02 16:10:32,213 [FATAL] Updater:308 - Updater called before beeing initialized
2024-01-02 16:10:32,213 [ERROR] CADModel:125 - Updater not yet initialized, retry later 
2024-01-02 16:10:32,399 [INFO] CADModel:165 - CPN selected for project level
2024-01-02 16:10:32,399 [INFO] CADModel:114 - Register for checkConnection events
2024-01-02 16:10:32,399 [FATAL] Updater:308 - Updater called before beeing initialized
2024-01-02 16:10:32,399 [ERROR] CADModel:125 - Updater not yet initialized, retry later 
2024-01-02 16:10:32,403 [FATAL] Updater:308 - Updater called before beeing initialized
2024-01-02 16:10:32,506 [FATAL] Updater:308 - Updater called before beeing initialized
2024-01-02 16:10:32,512 [INFO] DbMcusAds:53 - JSON generation date=Thu Sep 30 08:55:09 CEST 2021 (1632984909247)
2024-01-02 16:10:32,513 [FATAL] Updater:308 - Updater called before beeing initialized
2024-01-02 16:10:32,578 [WARN] DetailPanel:346 - Failed to get advertising image, set to default
2024-01-02 16:10:32,721 [FATAL] Updater:308 - Updater called before beeing initialized
2024-01-02 16:10:32,723 [FATAL] Updater:308 - Updater called before beeing initialized
2024-01-02 16:10:32,723 [FATAL] Updater:308 - Updater called before beeing initialized
2024-01-02 16:10:32,723 [WARN] DetailPanel:346 - Failed to get advertising image, set to default
2024-01-02 16:10:32,725 [FATAL] Updater:308 - Updater called before beeing initialized
2024-01-02 16:10:32,781 [ERROR] Updater:1120 - MainUpdater not yet initialized. External WinMGr cannot be set.
2024-01-02 16:10:32,784 [INFO] Updater:1056 - Updater Version found : 6.10.0
2024-01-02 16:10:32,812 [INFO] ApplicationProperties:184 - Using Application install path: /home/martin/st/stm32cubeide_1.14.0/plugins/com.st.stm32cube.common.mx_6.10.0.202311202037
2024-01-02 16:10:33,176 [INFO] MainUpdater:2873 - connection check result : 10
2024-01-02 16:10:33,176 [INFO] MainUpdater:290 - Updater Check For Update Now.
2024-01-02 16:10:33,177 [INFO] MicroXplorer:498 - Change Database Version : DB.6.0.100
2024-01-02 16:10:33,194 [INFO] McuFinderGlobals:63 - Set McuFinder mode to 2 (CubeIDE integrated)
2024-01-02 16:10:33,195 [INFO] UserAuth:180 - activating auth plugin
2024-01-02 16:10:33,198 [INFO] UserAuth:404 - Internet connection configuration mode: 1
2024-01-02 16:10:33,217 [INFO] JxBrowserEngine:152 - Initiate JxBrowser Engine with user profile folder
2024-01-02 16:10:33,423 [INFO] CheckServerUpdateThread:120 - End of CheckServer Thread
2024-01-02 16:10:34,467 [WARN] PackLoader:240 - Cannot read IP mode file for STMicroelectronics.X-CUBE-SMBUS.2.1.0
2024-01-02 16:10:34,476 [WARN] PackLoader:240 - Cannot read IP mode file for STMicroelectronics.X-CUBE-TOUCHGFX.4.23.0
2024-01-02 16:10:34,514 [INFO] WebApp:161 - Instantiating new browser for Auth
2024-01-02 16:10:34,529 [WARN] PackLoader:240 - Cannot read IP mode file for STMicroelectronics.X-CUBE-AZRTOS-F7.1.1.0
2024-01-02 16:10:34,547 [WARN] PackLoader:240 - Cannot read IP mode file for STMicroelectronics.FP-SNS-MOTENV1.4.3.2
2024-01-02 16:10:34,558 [WARN] PackLoader:240 - Cannot read IP mode file for STMicroelectronics.FP-SNS-FLIGHT1.5.0.2
2024-01-02 16:10:34,588 [WARN] PackLoader:240 - Cannot read IP mode file for STMicroelectronics.X-CUBE-DISPLAY.3.0.0
2024-01-02 16:10:34,611 [WARN] PackLoader:240 - Cannot read IP mode file for STMicroelectronics.X-CUBE-BLE1.7.0.0
2024-01-02 16:10:34,629 [WARN] PackLoader:240 - Cannot read IP mode file for emotas.I-CUBE-CANOPEN.1.3.0
2024-01-02 16:10:34,640 [WARN] PackLoader:240 - Cannot read IP mode file for STMicroelectronics.FP-SNS-SMARTAG2.1.2.0
2024-01-02 16:10:34,662 [INFO] LogOutputStream:77 - [STDOUT_REDIRECT] 1 : Invalid condition id : UX_CORESTACK_Condition cause : null
2024-01-02 16:10:34,663 [INFO] LogOutputStream:77 - [STDOUT_REDIRECT] 1 : Invalid condition id : UX_CORESTACK_Condition cause : null
2024-01-02 16:10:34,663 [INFO] LogOutputStream:77 - [STDOUT_REDIRECT] 1 : Invalid condition id : UX_CORESTACK_Condition cause : null
2024-01-02 16:10:34,664 [INFO] LogOutputStream:77 - [STDOUT_REDIRECT] 1 : Invalid condition id : UX_CORESTACK_Condition cause : null
2024-01-02 16:10:34,664 [INFO] LogOutputStream:77 - [STDOUT_REDIRECT] 1 : Invalid condition id : UX_CORESTACK_Condition cause : null
2024-01-02 16:10:34,673 [WARN] PackLoader:240 - Cannot read IP mode file for STMicroelectronics.X-CUBE-AZRTOS-WL.2.0.0
2024-01-02 16:10:34,689 [WARN] PackLoader:240 - Cannot read IP mode file for WES.I-CUBE-Cesium.1.3.0
2024-01-02 16:10:34,696 [WARN] PackLoader:240 - Cannot read IP mode file for STMicroelectronics.X-CUBE-BLE2.3.3.0
2024-01-02 16:10:34,707 [WARN] PackLoader:240 - Cannot read IP mode file for STMicroelectronics.X-CUBE-ALGOBUILD.1.3.0
2024-01-02 16:10:34,744 [WARN] PackLoader:240 - Cannot read IP mode file for STMicroelectronics.X-CUBE-AZRTOS-G0.1.1.0
2024-01-02 16:10:34,764 [WARN] PackLoader:240 - Cannot read IP mode file for STMicroelectronics.X-CUBE-NFC4.3.0.0
2024-01-02 16:10:34,783 [WARN] PackLoader:240 - Cannot read IP mode file for STMicroelectronics.X-CUBE-BLEMGR.3.0.0
2024-01-02 16:10:34,797 [WARN] PackLoader:240 - Cannot read IP mode file for STMicroelectronics.FP-ATR-SIGFOX1.3.2.0
2024-01-02 16:10:34,892 [WARN] PackLoader:240 - Cannot read IP mode file for SEGGER.I-CUBE-embOS.1.3.1
2024-01-02 16:10:34,979 [WARN] PackLoader:240 - Cannot read IP mode file for STMicroelectronics.X-CUBE-GNSS1.6.0.0
2024-01-02 16:10:35,010 [WARN] PackLoader:240 - Cannot read IP mode file for STMicroelectronics.X-CUBE-AZRTOS-F4.1.1.0
2024-01-02 16:10:35,020 [WARN] PackLoader:240 - Cannot read IP mode file for wolfSSL.I-CUBE-wolfSSL.5.6.6
2024-01-02 16:10:35,045 [WARN] PackLoader:240 - Cannot read IP mode file for STMicroelectronics.X-CUBE-AZRTOS-L5.2.0.0
2024-01-02 16:10:35,059 [WARN] PackLoader:240 - Cannot read IP mode file for STMicroelectronics.X-CUBE-EEPRMA1.4.2.0
2024-01-02 16:10:35,070 [WARN] PackLoader:240 - Cannot read IP mode file for ITTIA_DB.I-CUBE-ITTIADB.8.8.0
2024-01-02 16:10:35,077 [WARN] PackLoader:240 - Cannot read IP mode file for STMicroelectronics.X-CUBE-NFC7.1.0.1
2024-01-02 16:10:35,089 [WARN] PackLoader:240 - Cannot read IP mode file for STMicroelectronics.X-CUBE-NFC6.3.0.0
2024-01-02 16:10:35,100 [WARN] PackLoader:240 - Cannot read IP mode file for STMicroelectronics.X-CUBE-AI.8.1.0
2024-01-02 16:10:35,126 [WARN] ConditionMgr:438 - getConditionDescription Invalid condition id : LAN8742 Phy interface Condition cause : null
2024-01-02 16:10:35,127 [WARN] PackLoader:240 - Cannot read IP mode file for STMicroelectronics.X-CUBE-AZRTOS-L4.2.0.0
2024-01-02 16:10:35,130 [WARN] ConditionMgr:1039 - genDependencies : Invalid condition id : LAN8742 Phy interface Condition cause : null
2024-01-02 16:10:35,131 [WARN] ConditionMgr:1039 - genDependencies : Invalid condition id : LAN8742 Phy interface Condition cause : null
2024-01-02 16:10:35,132 [WARN] ConditionMgr:1039 - genDependencies : Invalid condition id : LAN8742 Phy interface Condition cause : null
2024-01-02 16:10:35,143 [WARN] PackLoader:240 - Cannot read IP mode file for STMicroelectronics.X-CUBE-SFXS2LP1.4.0.0
2024-01-02 16:10:35,166 [WARN] ConditionMgr:438 - getConditionDescription Invalid condition id : UX DEVICE CLASS RTOS Condition cause : null
2024-01-02 16:10:35,167 [WARN] ConditionMgr:438 - getConditionDescription Invalid condition id : UX DEVICE CLASS RTOS Condition cause : null
2024-01-02 16:10:35,171 [WARN] PackLoader:240 - Cannot read IP mode file for STMicroelectronics.X-CUBE-AZRTOS-WB.2.0.0
2024-01-02 16:10:35,172 [WARN] ConditionMgr:1039 - genDependencies : Invalid condition id : UX DEVICE CLASS RTOS Condition cause : null
2024-01-02 16:10:35,172 [WARN] ConditionMgr:1039 - genDependencies : Invalid condition id : UX DEVICE CLASS RTOS Condition cause : null
2024-01-02 16:10:35,173 [WARN] ConditionMgr:1039 - genDependencies : Invalid condition id : UX DEVICE CLASS RTOS Condition cause : null
2024-01-02 16:10:35,174 [WARN] ConditionMgr:1039 - genDependencies : Invalid condition id : UX DEVICE CLASS RTOS Condition cause : null
2024-01-02 16:10:35,174 [WARN] ConditionMgr:1039 - genDependencies : Invalid condition id : UX DEVICE CLASS RTOS Condition cause : null
2024-01-02 16:10:35,192 [WARN] PackLoader:240 - Cannot read IP mode file for STMicroelectronics.X-CUBE-SUBG2.5.0.0
2024-01-02 16:10:35,248 [WARN] PackLoader:240 - Cannot read IP mode file for STMicroelectronics.X-CUBE-AZRTOS-G4.2.0.0
2024-01-02 16:10:35,298 [WARN] PackLoader:240 - Cannot read IP mode file for Infineon.AIROC-Wi-Fi-Bluetooth-STM32.1.5.1
2024-01-02 16:10:35,310 [WARN] PackLoader:240 - Cannot read IP mode file for STMicroelectronics.FP-SNS-MOTENVWB1.1.3.1
2024-01-02 16:10:35,317 [WARN] PackLoader:240 - Cannot read IP mode file for STMicroelectronics.X-CUBE-ISPU.2.0.0
2024-01-02 16:10:35,387 [WARN] PackLoader:240 - Cannot read IP mode file for STMicroelectronics.X-CUBE-MEMS1.10.0.0
2024-01-02 16:10:35,602 [WARN] PackLoader:240 - Cannot read IP mode file for STMicroelectronics.X-CUBE-FREERTOS.1.1.0
2024-01-02 16:10:35,609 [WARN] PackLoader:240 - Cannot read IP mode file for portGmbH.I-Cube-SoM-uGOAL.1.1.0
2024-01-02 16:10:35,613 [WARN] PackLoader:240 - Cannot read IP mode file for STMicroelectronics.X-CUBE-ALS.1.0.1
2024-01-02 16:10:35,618 [WARN] PackLoader:240 - Cannot read IP mode file for STMicroelectronics.FP-ATR-ASTRA1.2.0.0
2024-01-02 16:10:35,618 [INFO] WebApp:780 - Register for checkConnection events
2024-01-02 16:10:35,618 [INFO] WebApp:414 - Apply proxy settings
2024-01-02 16:10:35,618 [INFO] WebApp:499 - Chromium requires no authentication
2024-01-02 16:10:35,629 [INFO] WebApp:442 - Direct internet connection detected
2024-01-02 16:10:35,643 [WARN] PackLoader:240 - Cannot read IP mode file for STMicroelectronics.X-CUBE-TOF1.3.4.0
2024-01-02 16:10:35,697 [WARN] PackLoader:240 - Cannot read IP mode file for STMicroelectronics.X-CUBE-AZRTOS-H7.3.2.0
2024-01-02 16:10:35,703 [INFO] ThirdParty:978 - Integrity check success = true
2024-01-02 16:10:35,703 [INFO] IntegrityCheckThread:100 - exiting critical section [integrity check]
2024-01-02 16:10:35,703 [INFO] IntegrityCheckThread:103 - End integrity checks thread
2024-01-02 16:10:35,865 [INFO] WebApp:192 - Starting web application
2024-01-02 16:10:35,865 [INFO] WebApp:544 - Web application path used /home/martin/st/stm32cubeide_1.14.0/plugins/com.st.stm32cube.common.mx_6.10.0.202311202037/db/plugins/mcufinder/reactClient1/index.html
2024-01-02 16:10:56,611 [ERROR] LogOutputStream:75 - [STDERR_REDIRECT] SLF4J: Failed to load class "org.slf4j.impl.StaticLoggerBinder".
2024-01-02 16:10:56,611 [ERROR] LogOutputStream:75 - [STDERR_REDIRECT] SLF4J: Defaulting to no-operation (NOP) logger implementation
2024-01-02 16:10:56,611 [ERROR] LogOutputStream:75 - [STDERR_REDIRECT] SLF4J: See http://www.slf4j.org/codes.html#StaticLoggerBinder for further details.
2024-01-02 16:12:59,327 [ERROR] LogOutputStream:75 - [STDERR_REDIRECT] 
